<?xml version="1.0" encoding="UTF-8"?>
<!-- Generated by org.testng.reporters.JUnitXMLReporter -->
<testsuite ignored="0" hostname="DESKTOP-N339P1I" failures="1" tests="7" name="Surefire test" time="41.22" errors="0" timestamp="2024-12-18T07:31:10 EET">
  <testcase classname="aqa_course.api.CreateBoardTest" name="testCreateBoard" time="5.285"/>
  <testcase classname="aqa_course.api.CreateCardTest" name="testCreateCard" time="2.689"/>
  <testcase classname="aqa_course.api.CreateListTest" name="testCreateList" time="2.016"/>
  <testcase classname="aqa_course.ui.AlbumAppleMusicTest" name="openAlbum" time="13.098"/>
  <testcase classname="aqa_course.ui.CheckScheduleAppleMusicTest" name="testCheckRadioSchedule" time="2.577"/>
  <testcase classname="aqa_course.ui.StartAppleMusicTest" name="playMusic" time="7.512"/>
  <testcase classname="aqa_course.ui.StartAppleMusicTest" name="playMusicFail" time="7.323">
    <failure type="java.lang.AssertionError" message="null">
      <![CDATA[java.lang.AssertionError: null
at aqa_course.ui.StartAppleMusicTest.playMusicFail(StartAppleMusicTest.java:24)
at java.base/java.util.ArrayList.forEach(ArrayList.java:1597)
... Removed 32 stack frames]]>
    </failure>
  </testcase> <!-- playMusicFail -->
</testsuite> <!-- Surefire test -->
